0 info it worked if it ends with ok
1 verbose cli [ '/usr/local/bin/node', '/usr/local/bin/npm', 'run', 'start' ]
2 info using npm@3.6.0
3 info using node@v5.6.0
4 verbose run-script [ 'prestart', 'start', 'poststart' ]
5 info lifecycle react-password-generator-example@1.0.0~prestart: react-password-generator-example@1.0.0
6 silly lifecycle react-password-generator-example@1.0.0~prestart: no script for prestart, continuing
7 info lifecycle react-password-generator-example@1.0.0~start: react-password-generator-example@1.0.0
8 verbose lifecycle react-password-generator-example@1.0.0~start: unsafe-perm in lifecycle true
9 verbose lifecycle react-password-generator-example@1.0.0~start: PATH: /usr/local/lib/node_modules/npm/bin/node-gyp-bin:/Users/jpicado/WebstormProjects/react-password-generator/example/node_modules/.bin:/Users/jpicado/.nix-profile/bin:/Users/jpicado/.nix-profile/sbin:/Users/jpicado/.rvm/gems/ruby-2.1.2/bin:/Users/jpicado/.rvm/gems/ruby-2.1.2@global/bin:/Users/jpicado/.rvm/rubies/ruby-2.1.2/bin:/opt/local/bin:/opt/local/sbin:/Applications/Xcode.app/Contents/Developer/usr/libexec/git-core/:usr/local/opt/ruby/bin:/usr/bin:/bin:/usr/sbin:/sbin:/usr/local/bin:/opt/ImageMagick/bin:/opt/PalmPDK/bin:/opt/PalmSDK/0.1/bin/:/usr/local/mysql/bin:/Users/jpicado/bin/apache-maven-3.0.4/bin:/Users/jpicado/bin/adt-bundle-mac-x86_64-20131030/sdk/platform-tools:/Users/jpicado/bin/adt-bundle-mac-x86_64-20131030/sdk/tools:/usr/share/gradle/bin:/Users/jpicado/bin/scala/bin:/Users/jpicado/bin/gradle/bin:/usr/local/opt/ruby/bin:/usr/local/opt/ruby/bin:/Users/jpicado/bin/chromedriver:/Users/jpicado/.rvm/bin:/Users/jpicado/bin
10 verbose lifecycle react-password-generator-example@1.0.0~start: CWD: /Users/jpicado/WebstormProjects/react-password-generator/example
11 silly lifecycle react-password-generator-example@1.0.0~start: Args: [ '-c',
11 silly lifecycle   'webpack-dev-server --config webpack.server.conf.js --progress --inline --colors' ]
12 silly lifecycle react-password-generator-example@1.0.0~start: Returned: code: 1  signal: null
13 info lifecycle react-password-generator-example@1.0.0~start: Failed to exec start script
14 verbose stack Error: react-password-generator-example@1.0.0 start: `webpack-dev-server --config webpack.server.conf.js --progress --inline --colors`
14 verbose stack Exit status 1
14 verbose stack     at EventEmitter.<anonymous> (/usr/local/lib/node_modules/npm/lib/utils/lifecycle.js:232:16)
14 verbose stack     at emitTwo (events.js:100:13)
14 verbose stack     at EventEmitter.emit (events.js:185:7)
14 verbose stack     at ChildProcess.<anonymous> (/usr/local/lib/node_modules/npm/lib/utils/spawn.js:24:14)
14 verbose stack     at emitTwo (events.js:100:13)
14 verbose stack     at ChildProcess.emit (events.js:185:7)
14 verbose stack     at maybeClose (internal/child_process.js:827:16)
14 verbose stack     at Process.ChildProcess._handle.onexit (internal/child_process.js:211:5)
15 verbose pkgid react-password-generator-example@1.0.0
16 verbose cwd /Users/jpicado/WebstormProjects/react-password-generator/example
17 error Darwin 14.5.0
18 error argv "/usr/local/bin/node" "/usr/local/bin/npm" "run" "start"
19 error node v5.6.0
20 error npm  v3.6.0
21 error code ELIFECYCLE
22 error react-password-generator-example@1.0.0 start: `webpack-dev-server --config webpack.server.conf.js --progress --inline --colors`
22 error Exit status 1
23 error Failed at the react-password-generator-example@1.0.0 start script 'webpack-dev-server --config webpack.server.conf.js --progress --inline --colors'.
23 error Make sure you have the latest version of node.js and npm installed.
23 error If you do, this is most likely a problem with the react-password-generator-example package,
23 error not with npm itself.
23 error Tell the author that this fails on your system:
23 error     webpack-dev-server --config webpack.server.conf.js --progress --inline --colors
23 error You can get information on how to open an issue for this project with:
23 error     npm bugs react-password-generator-example
23 error Or if that isn't available, you can get their info via:
23 error     npm owner ls react-password-generator-example
23 error There is likely additional logging output above.
24 verbose exit [ 1, true ]
